TN:
SF:src\microkernel.ts
FN:18,(anonymous_0)
FN:20,(anonymous_1)
FN:44,(anonymous_2)
FN:48,(anonymous_3)
FN:52,(anonymous_4)
FN:61,(anonymous_5)
FNF:6
FNH:6
FNDA:107,(anonymous_0)
FNDA:407,(anonymous_1)
FNDA:401,(anonymous_2)
FNDA:101,(anonymous_3)
FNDA:1,(anonymous_4)
FNDA:3,(anonymous_5)
DA:14,2
DA:15,107
DA:16,107
DA:21,407
DA:22,1
DA:25,406
DA:26,2
DA:27,2
DA:28,1
DA:33,405
DA:34,1
DA:35,1
DA:38,404
DA:39,404
DA:40,5
DA:45,401
DA:49,101
DA:53,1
DA:54,2
DA:55,2
DA:58,1
DA:62,3
LF:22
LH:22
BRDA:21,0,0,1
BRDA:21,1,0,407
BRDA:21,1,1,406
BRDA:25,2,0,2
BRDA:27,3,0,1
BRDA:33,4,0,1
BRDA:39,5,0,5
BRDA:54,6,0,2
BRF:8
BRH:8
end_of_record
